<?xml version="1.0" encoding="UTF-8"?>
<!-- Generated by org.testng.reporters.JUnitXMLReporter -->
<testsuite hostname="Ronen-pc" ignored="0" name="Api Tests" tests="4" failures="0" timestamp="2021-11-10T11:23:40 IST" time="0.614" errors="0">
  <testcase name="@BeforeClass startSession" time="0.441" classname="utilities.CommonOps">
    <failure type="java.lang.NoClassDefFoundError" message="io/restassured/path/json/mapper/factory/GsonObjectMapperFactory">
      <![CDATA[java.lang.NoClassDefFoundError: io/restassured/path/json/mapper/factory/GsonObjectMapperFactory
at io.restassured.config.RestAssuredConfig.<init>(RestAssuredConfig.java:41)
at io.restassured.RestAssured.<clinit>(RestAssured.java:421)
at utilities.CommonOps.initApi(CommonOps.java:109)
at utilities.CommonOps.startSession(CommonOps.java:150)
at java.util.ArrayList.forEach(Unknown Source)
Caused by: java.lang.ClassNotFoundException: io.restassured.path.json.mapper.factory.GsonObjectMapperFactory
at java.net.URLClassLoader.findClass(Unknown Source)
at java.lang.ClassLoader.loadClass(Unknown Source)
at sun.misc.Launcher$AppClassLoader.loadClass(Unknown Source)
at java.lang.ClassLoader.loadClass(Unknown Source)
... 34 more
... Removed 29 stack frames]]>
    </failure>
  </testcase> <!-- @BeforeClass startSession -->
  <testcase name="@BeforeMethod beforeMethod" time="-1.636536220252E9" classname="utilities.CommonOps">
    <skipped/>
  </testcase> <!-- @BeforeMethod beforeMethod -->
  <testcase name="@BeforeMethod beforeMethod" time="-1.636536220268E9" classname="utilities.CommonOps">
    <skipped/>
  </testcase> <!-- @BeforeMethod beforeMethod -->
  <testcase name="@BeforeMethod beforeMethod" time="-1.636536220268E9" classname="utilities.CommonOps">
    <skipped/>
  </testcase> <!-- @BeforeMethod beforeMethod -->
  <testcase name="@BeforeMethod beforeMethod" time="-1.636536220283E9" classname="utilities.CommonOps">
    <skipped/>
  </testcase> <!-- @BeforeMethod beforeMethod -->
  <testcase name="@AfterClass closeSession" time="-1.636536220293E9" classname="utilities.CommonOps">
    <skipped/>
  </testcase> <!-- @AfterClass closeSession -->
  <testcase name="test01_verifyTeam" time="0.0" classname="sanity.GrafanaApi">
    <skipped/>
  </testcase> <!-- test01_verifyTeam -->
  <testcase name="test02_addTeamAndVerify" time="0.0" classname="sanity.GrafanaApi">
    <skipped/>
  </testcase> <!-- test02_addTeamAndVerify -->
  <testcase name="test03_updateTeamAndVerify" time="0.0" classname="sanity.GrafanaApi">
    <skipped/>
  </testcase> <!-- test03_updateTeamAndVerify -->
  <testcase name="test04_deleteTeamAndVerify" time="0.0" classname="sanity.GrafanaApi">
    <skipped/>
  </testcase> <!-- test04_deleteTeamAndVerify -->
</testsuite> <!-- Api Tests -->
