<?xml version="1.0" encoding="UTF-8"?>
<!-- Generated by org.testng.reporters.JUnitXMLReporter -->
<testsuite hostname="Ronen-pc" ignored="0" name="Web Tests" tests="6" failures="0" timestamp="2021-11-19T14:56:45 IST" time="95.1" errors="0">
  <testcase name="test01_verifyHeader" time="0.242" classname="sanity.MortgageWeb"/>
  <testcase name="test02_verifyMortgageCalculate" time="6.852" classname="sanity.MortgageWeb"/>
  <testcase name="test03_verifyCurrentTaxesAndFees" time="10.788" classname="sanity.MortgageWeb"/>
  <testcase name="test04_verifyBalancePrincipleAndInterest" time="23.702" classname="sanity.MortgageWeb"/>
  <testcase name="test04_verifyBalancePrincipleAndInterest" time="29.705" classname="sanity.MortgageWeb"/>
  <testcase name="test05_verifyLoanBreakdownGraph" time="9.055" classname="sanity.MortgageWeb"/>
</testsuite> <!-- Web Tests -->
