<?xml version="1.0" encoding="UTF-8"?>
<!-- Generated by org.testng.reporters.JUnitXMLReporter -->
<testsuite hostname="Ronen-pc" ignored="1" name="Web Tests" tests="3" failures="0" timestamp="2021-11-10T11:25:19 IST" time="33.387" errors="0">
  <testcase name="test01_verifyHeader" time="0.163" classname="sanity.MortgageWeb"/>
  <testcase name="test02_verifyMortgageCalculate" time="4.09" classname="sanity.MortgageWeb"/>
  <testcase name="test03_verifyCurrentTaxesAndFees" time="18.287" classname="sanity.MortgageWeb"/>
  <testcase name="test04_verifyLoanBreakdownGraph" time="0.0" classname="sanity.MortgageWeb">
    <ignored/>
  </testcase> <!-- test04_verifyLoanBreakdownGraph -->
</testsuite> <!-- Web Tests -->
