<?xml version="1.0" encoding="UTF-8"?>
<testng-results skipped="0" failed="0" ignored="0" total="2" passed="2">
  <reporter-output>
  </reporter-output>
  <suite name="WebDB Suite" duration-ms="44317" started-at="2021-11-19T16:50:18 IST" finished-at="2021-11-19T16:51:03 IST">
    <groups>
    </groups>
    <test name="WebDB Tests" duration-ms="44317" started-at="2021-11-19T16:50:18 IST" finished-at="2021-11-19T16:51:03 IST">
      <class name="sanity.MortgageWebDB">
        <test-method status="PASS" signature="startSession(java.lang.String)[pri:0, instance:sanity.MortgageWebDB@baf1bb3]" name="startSession" is-config="true" duration-ms="12476" started-at="2021-11-19T16:50:19 IST" finished-at="2021-11-19T16:50:31 IST">
          <params>
            <param index="0">
              <value>
                <![CDATA[webDB]]>
              </value>
            </param>
          </params>
          <reporter-output>
          </reporter-output>
        </test-method> <!-- startSession -->
        <test-method status="PASS" signature="beforeMethod(java.lang.reflect.Method)[pri:0, instance:sanity.MortgageWebDB@baf1bb3]" name="beforeMethod" is-config="true" duration-ms="86" started-at="2021-11-19T16:50:31 IST" finished-at="2021-11-19T16:50:31 IST">
          <params>
            <param index="0">
              <value>
                <![CDATA[public void sanity.MortgageWebDB.test01_verifyMortgageCalculateDB()]]>
              </value>
            </param>
          </params>
          <reporter-output>
          </reporter-output>
        </test-method> <!-- beforeMethod -->
        <test-method status="PASS" signature="test01_verifyMortgageCalculateDB()[pri:0, instance:sanity.MortgageWebDB@baf1bb3]" name="test01_verifyMortgageCalculateDB" duration-ms="5717" started-at="2021-11-19T16:50:31 IST" description="Test 01 - Verify Mortgage Parameters with DB Credentials" finished-at="2021-11-19T16:50:37 IST">
          <reporter-output>
          </reporter-output>
        </test-method> <!-- test01_verifyMortgageCalculateDB -->
        <test-method status="PASS" signature="beforeMethod(java.lang.reflect.Method)[pri:0, instance:sanity.MortgageWebDB@baf1bb3]" name="beforeMethod" is-config="true" duration-ms="10" started-at="2021-11-19T16:50:37 IST" finished-at="2021-11-19T16:50:37 IST">
          <params>
            <param index="0">
              <value>
                <![CDATA[public void sanity.MortgageWebDB.test02_verifyCurrentTaxesAndFees()]]>
              </value>
            </param>
          </params>
          <reporter-output>
          </reporter-output>
        </test-method> <!-- beforeMethod -->
        <test-method status="PASS" signature="test02_verifyCurrentTaxesAndFees()[pri:0, instance:sanity.MortgageWebDB@baf1bb3]" name="test02_verifyCurrentTaxesAndFees" duration-ms="24799" started-at="2021-11-19T16:50:37 IST" description="Test 02 - Verify Taxes &amp; Fees with DB" finished-at="2021-11-19T16:51:02 IST">
          <reporter-output>
          </reporter-output>
        </test-method> <!-- test02_verifyCurrentTaxesAndFees -->
        <test-method status="PASS" signature="closeSession()[pri:0, instance:sanity.MortgageWebDB@baf1bb3]" name="closeSession" is-config="true" duration-ms="838" started-at="2021-11-19T16:51:02 IST" finished-at="2021-11-19T16:51:03 IST">
          <reporter-output>
          </reporter-output>
        </test-method> <!-- closeSession -->
      </class> <!-- sanity.MortgageWebDB -->
    </test> <!-- WebDB Tests -->
  </suite> <!-- WebDB Suite -->
</testng-results>
