<?xml version="1.0" encoding="UTF-8"?>
<testsuite xmlns:xsi="http://www.w3.org/2001/XMLSchema-instance" xsi:noNamespaceSchemaLocation="https://maven.apache.org/surefire/maven-surefire-plugin/xsd/surefire-test-report.xsd" name="TestSuite" time="45.819" tests="2" errors="0" skipped="0" failures="0">
  <properties>
[...]
</properties>
  <testcase name="test01_verifyMortgageCalculateDB" classname="sanity.MortgageWebDB" time="5.768"/>
  <testcase name="test02_verifyCurrentTaxesAndFees" classname="sanity.MortgageWebDB" time="24.868"/>
</testsuite>