<?xml version="1.0" encoding="UTF-8"?>
<!-- Generated by org.testng.reporters.JUnitXMLReporter -->
<testsuite hostname="Ronen-pc" ignored="0" name="Api Tests" tests="3" failures="0" timestamp="2021-11-19T14:46:55 IST" time="6.795" errors="0">
  <testcase name="test01_addTeamAndVerify" time="2.882" classname="sanity.GrafanaApi"/>
  <testcase name="test02_updateTeamAndVerify" time="0.159" classname="sanity.GrafanaApi"/>
  <testcase name="test03_deleteTeamAndVerify" time="0.129" classname="sanity.GrafanaApi"/>
</testsuite> <!-- Api Tests -->
